[INFO] Scanning for projects...
[INFO] 
[INFO] ------------------------------------------------------------------------
[INFO] Building Apache Commons Validator 1.5.0-SNAPSHOT
[INFO] ------------------------------------------------------------------------
[INFO] 
[INFO] >>> ekstazi-maven-plugin:5.2.0:ekstazi (default-cli) > [ekstazi]test @ commons-validator >>>
[INFO] 
[INFO] --- maven-enforcer-plugin:1.3.1:enforce (enforce-maven-3) @ commons-validator ---
[INFO] 
[INFO] --- build-helper-maven-plugin:1.9.1:parse-version (parse-version) @ commons-validator ---
[INFO] 
[INFO] --- maven-antrun-plugin:1.8:run (javadoc.resources) @ commons-validator ---
[INFO] Executing tasks

main:
[INFO] Executed tasks
[INFO] 
[INFO] --- maven-remote-resources-plugin:1.5:process (default) @ commons-validator ---
[INFO] 
[INFO] --- buildnumber-maven-plugin:1.3:create (default) @ commons-validator ---
[INFO] Executing: /bin/sh -c cd /home/chenxi/Inspection/commons-validator/commons-validator_f398b292b3463ffdf104db050849de74962392d8/commons-validator && svn --non-interactive info
[INFO] Working directory: /home/chenxi/Inspection/commons-validator/commons-validator_f398b292b3463ffdf104db050849de74962392d8/commons-validator
[INFO] Storing buildNumber: ?????? at timestamp: 1532926983549
[INFO] Executing: /bin/sh -c cd /home/chenxi/Inspection/commons-validator/commons-validator_f398b292b3463ffdf104db050849de74962392d8/commons-validator && svn --non-interactive info
[INFO] Working directory: /home/chenxi/Inspection/commons-validator/commons-validator_f398b292b3463ffdf104db050849de74962392d8/commons-validator
[INFO] Storing buildScmBranch: UNKNOWN_BRANCH
[INFO] 
[INFO] --- maven-resources-plugin:2.7:resources (default-resources) @ commons-validator ---
[INFO] Using 'UTF-8' encoding to copy filtered resources.
[INFO] Copying 2 resources to META-INF
[INFO] Copying 8 resources
[INFO] 
[INFO] --- maven-compiler-plugin:3.3:compile (default-compile) @ commons-validator ---
[INFO] Nothing to compile - all classes are up to date
[INFO] 
[INFO] --- maven-bundle-plugin:2.5.3:manifest (bundle-manifest) @ commons-validator ---
[INFO] 
[INFO] --- animal-sniffer-maven-plugin:1.14:check (checkAPIcompatibility) @ commons-validator ---
[INFO] Checking unresolved references to org.codehaus.mojo.signature:java16:1.0
[INFO] 
[INFO] --- maven-resources-plugin:2.7:testResources (default-testResources) @ commons-validator ---
[INFO] Using 'UTF-8' encoding to copy filtered resources.
[INFO] Copying 19 resources
[INFO] Copying 2 resources to META-INF
[INFO] 
[INFO] --- maven-compiler-plugin:3.3:testCompile (default-testCompile) @ commons-validator ---
[INFO] Nothing to compile - all classes are up to date
[INFO] 
[INFO] --- ekstazi-maven-plugin:5.2.0:select (default-cli) @ commons-validator ---
[INFO] 
[INFO] --- maven-surefire-plugin:2.18.1:test (default-test) @ commons-validator ---
[INFO] Surefire report directory: /home/chenxi/Inspection/commons-validator/commons-validator_f398b292b3463ffdf104db050849de74962392d8/commons-validator/target/surefire-reports

-------------------------------------------------------
 T E S T S
-------------------------------------------------------
SUREFIRE-859: Java HotSpot(TM) 64-Bit Server VM warning: INFO: os::commit_memory(0x0000000080200000, 1408237568, 0) failed; error='Cannot allocate memory' (errno=12)
#
# There is insufficient memory for the Java Runtime Environment to continue.
# Native memory allocation (mmap) failed to map 1408237568 bytes for committing reserved memory.
# An error report file with more information is saved as:
# /home/chenxi/Inspection/commons-validator/commons-validator_f398b292b3463ffdf104db050849de74962392d8/commons-validator/hs_err_pid14238.log

Results :

Tests run: 0, Failures: 0, Errors: 0, Skipped: 0

[INFO] ------------------------------------------------------------------------
[INFO] BUILD FAILURE
[INFO] ------------------------------------------------------------------------
[INFO] Total time: 11.578 s
[INFO] Finished at: 2018-07-30T13:03:09+08:00
[INFO] Final Memory: 34M/1551M
[INFO] ------------------------------------------------------------------------
[ERROR] Failed to execute goal org.apache.maven.plugins:maven-surefire-plugin:2.18.1:test (default-test) on project commons-validator: Execution default-test of goal org.apache.maven.plugins:maven-surefire-plugin:2.18.1:test failed: The forked VM terminated without properly saying goodbye. VM crash or System.exit called?
[ERROR] Command was /bin/sh -c cd /home/chenxi/Inspection/commons-validator/commons-validator_f398b292b3463ffdf104db050849de74962392d8/commons-validator && /home/chenxi/Software/java/jdk1.8.0_181/jre/bin/java -javaagent:/home/chenxi/.m2/repository/org/ekstazi/org.ekstazi.core/5.2.0/org.ekstazi.core-5.2.0.jar=mode=JUNIT,force.all=false,force.failing=false,root.dir=file:/home/chenxi/Inspection/commons-validator/commons-validator_f398b292b3463ffdf104db050849de74962392d8/commons-validator/.ekstazi -jar /home/chenxi/Inspection/commons-validator/commons-validator_f398b292b3463ffdf104db050849de74962392d8/commons-validator/target/surefire/surefirebooter9182912100946594496.jar /home/chenxi/Inspection/commons-validator/commons-validator_f398b292b3463ffdf104db050849de74962392d8/commons-validator/target/surefire/surefire2643685416171333576tmp /home/chenxi/Inspection/commons-validator/commons-validator_f398b292b3463ffdf104db050849de74962392d8/commons-validator/target/surefire/surefire_05503794367908439056tmp
[ERROR] -> [Help 1]
[ERROR] 
[ERROR] To see the full stack trace of the errors, re-run Maven with the -e switch.
[ERROR] Re-run Maven using the -X switch to enable full debug logging.
[ERROR] 
[ERROR] For more information about the errors and possible solutions, please read the following articles:
[ERROR] [Help 1] http://cwiki.apache.org/confluence/display/MAVEN/PluginExecutionException
